\BOOKMARK [0][-]{chapter.1}{Note to Ubuntu 10.04 LTS users}{}% 1
\BOOKMARK [0][-]{chapter.2}{Note to Windows and Mac users}{}% 2
\BOOKMARK [-1][-]{part.1}{I Preparing Ubuntu}{}% 3
\BOOKMARK [0][-]{chapter.3}{About Ubuntu}{part.1}% 4
\BOOKMARK [1][-]{section.3.1}{Why Ubuntu?}{chapter.3}% 5
\BOOKMARK [1][-]{section.3.2}{Who is behind Ubuntu?}{chapter.3}% 6
\BOOKMARK [1][-]{section.3.3}{Ubuntu Releases}{chapter.3}% 7
\BOOKMARK [1][-]{section.3.4}{Contributing to Ubuntu}{chapter.3}% 8
\BOOKMARK [0][-]{chapter.4}{Obtaining Ubuntu}{part.1}% 9
\BOOKMARK [1][-]{section.4.1}{Downloading Ubuntu}{chapter.4}% 10
\BOOKMARK [1][-]{section.4.2}{Burning Ubuntu to CD}{chapter.4}% 11
\BOOKMARK [1][-]{section.4.3}{Create a bootable USB disk}{chapter.4}% 12
\BOOKMARK [0][-]{chapter.5}{Installation}{part.1}% 13
\BOOKMARK [1][-]{section.5.1}{Prerequisite Steps}{chapter.5}% 14
\BOOKMARK [1][-]{section.5.2}{Trying out Ubuntu Live}{chapter.5}% 15
\BOOKMARK [1][-]{section.5.3}{Ubuntu as the only OS on the disk}{chapter.5}% 16
\BOOKMARK [1][-]{section.5.4}{Ubuntu on a virtual machine}{chapter.5}% 17
\BOOKMARK [-1][-]{part.2}{II Using Ubuntu}{}% 18
\BOOKMARK [0][-]{chapter.6}{The Unity desktop}{part.2}% 19
\BOOKMARK [1][-]{section.6.1}{Launcher}{chapter.6}% 20
\BOOKMARK [1][-]{section.6.2}{Dash}{chapter.6}% 21
\BOOKMARK [1][-]{section.6.3}{Lenses \046 Scopes}{chapter.6}% 22
\BOOKMARK [1][-]{section.6.4}{Top Panel and Indicators}{chapter.6}% 23
\BOOKMARK [1][-]{section.6.5}{Heads Up Display - HUD}{chapter.6}% 24
\BOOKMARK [0][-]{chapter.7}{Software management}{part.2}% 25
\BOOKMARK [1][-]{section.7.1}{Ubuntu Software Center}{chapter.7}% 26
\BOOKMARK [1][-]{section.7.2}{Installing Application \(via Ubuntu Software Center\)}{chapter.7}% 27
\BOOKMARK [1][-]{section.7.3}{Uninstalling Applications \(via Ubuntu Software Center\)}{chapter.7}% 28
\BOOKMARK [1][-]{section.7.4}{Installation Applications \(via other sources\)}{chapter.7}% 29
\BOOKMARK [1][-]{section.7.5}{Updates and Upgrades}{chapter.7}% 30
\BOOKMARK [0][-]{chapter.8}{Terminal basics}{part.2}% 31
\BOOKMARK [1][-]{section.8.1}{SUDO command}{chapter.8}% 32
\BOOKMARK [1][-]{section.8.2}{Creating/Removing directories and files}{chapter.8}% 33
\BOOKMARK [1][-]{section.8.3}{Moving/Coping directories and files}{chapter.8}% 34
\BOOKMARK [1][-]{section.8.4}{Submitting bug reports}{chapter.8}% 35
\BOOKMARK [1][-]{section.8.5}{Installing/Uninstalling packages}{chapter.8}% 36
\BOOKMARK [0][-]{chapter.9}{Performing basic tasks}{part.2}% 37
\BOOKMARK [1][-]{section.9.1}{Microblogging}{chapter.9}% 38
\BOOKMARK [1][-]{section.9.2}{Listening to music}{chapter.9}% 39
\BOOKMARK [1][-]{section.9.3}{Editing Documents, Presentations, Spreadsheets}{chapter.9}% 40
\BOOKMARK [1][-]{section.9.4}{Setting up the internet}{chapter.9}% 41
\BOOKMARK [1][-]{section.9.5}{Printing documents, pictures}{chapter.9}% 42
\BOOKMARK [1][-]{section.9.6}{Composing Emails}{chapter.9}% 43
\BOOKMARK [1][-]{section.9.7}{Browsing the web}{chapter.9}% 44
\BOOKMARK [1][-]{section.9.8}{Sharing files with other users}{chapter.9}% 45
\BOOKMARK [1][-]{section.9.9}{Playing Games}{chapter.9}% 46
\BOOKMARK [0][-]{chapter.10}{Advanced Topics}{part.2}% 47
\BOOKMARK [1][-]{section.10.1}{Installing other desktop shells \(GNOME Shell, GNOME Classic\)}{chapter.10}% 48
\BOOKMARK [0][-]{chapter.11}{Working effectively using Ubuntu}{part.2}% 49
\BOOKMARK [1][-]{section.11.1}{Virtual Workspaces}{chapter.11}% 50
\BOOKMARK [1][-]{section.11.2}{Switching between applications}{chapter.11}% 51
\BOOKMARK [1][-]{section.11.3}{Heads Up Display \(HUD\)}{chapter.11}% 52
\BOOKMARK [1][-]{section.11.4}{Keyboard shortcuts for using Unity}{chapter.11}% 53
\BOOKMARK [0][-]{chapter.12}{Customising Ubuntu}{part.2}% 54
\BOOKMARK [1][-]{section.12.1}{Installing Lens \046 Scopes}{chapter.12}% 55
\BOOKMARK [1][-]{section.12.2}{3rd Party Applications}{chapter.12}% 56
\BOOKMARK [1][-]{section.12.3}{Appearance}{chapter.12}% 57
\BOOKMARK [1][-]{section.12.4}{Privacy}{chapter.12}% 58
\BOOKMARK [-1][-]{part.3}{III Getting Help}{}% 59
\BOOKMARK [0][-]{chapter.13}{What to do if you are stuck?}{part.3}% 60
\BOOKMARK [1][-]{section.13.1}{Ubuntu Help}{chapter.13}% 61
\BOOKMARK [1][-]{section.13.2}{Latest news in the Ubuntu world}{chapter.13}% 62
\BOOKMARK [-1][-]{part.4}{IV End Credits}{}% 63
\BOOKMARK [0][-]{chapter.14}{Contributors}{part.4}% 64
\BOOKMARK [-1][-]{part.5}{V Appendix}{}% 65
\BOOKMARK [0][-]{chapter.15}{Appendix A - Keyboard shortcuts}{part.5}% 66
\BOOKMARK [0][-]{chapter.16}{Appendix B - Terminal commands}{part.5}% 67
\BOOKMARK [0][-]{chapter.17}{Appendix C - Keyboard keys to access the BIOS}{part.5}% 68
